This is pdfeTeX, Version 3.141592-1.21a-2.2 (Web2C 7.5.4) (format=pdflatex 2010.10.2)  11 JUN 2011 11:10
entering extended mode
**&pdflatex prv_googleVis.Rnw.ini \nonstopmode\nofiles\PassOptionsToPackage{act
ive,tightpage,auctex}{preview}\AtBeginDocument{\ifx\ifPreview\undefined\Require
Package[displaymath,floats,graphics,textmath,sections,footnotes]{preview}[2004/
11/05]\fi} \input googleVis.Rnw.tex
(./prv_googleVis.Rnw.ini
LaTeX2e <2008/12/01>
Babel <v3.8d> and hyphenation patterns for american, french, german, ngerman, b
ahasa, basque, bulgarian, catalan, croatian, czech, danish, dutch, esperanto, e
stonian, finnish, greek, icelandic, irish, italian, latin, magyar, norsk, polis
h, portuges, romanian, russian, serbian, slovak, slovene, spanish, swedish, tur
kish, ukrainian, nohyphenation, loaded.
(/sw/share/texmf-dist/tex/latex/carlisle/mylatex.ltx)
(/sw/share/texmf-dist/tex/latex/tools/.tex File ignored))
No auxiliary output files.

! I can't find file `googleVis.Rnw.tex'.
<*> ...w}[2004/11/05]\fi} \input googleVis.Rnw.tex
                                                  
Please type another input file name
! Emergency stop.
<*> ...w}[2004/11/05]\fi} \input googleVis.Rnw.tex
                                                  
*** (job aborted, file error in nonstop mode)

 
Here is how much of TeX's memory you used:
 24 strings out of 94500
 578 string characters out of 1176114
 48348 words of memory out of 1500000
 3284 multiletter control sequences out of 10000+50000
 3640 words of font info for 14 fonts, out of 1200000 for 2000
 580 hyphenation exceptions out of 8191
 5i,0n,5p,505b,12s stack positions out of 5000i,500n,6000p,200000b,5000s
PDF statistics:
 0 PDF objects out of 65536
 0 named destinations out of 20000
 1 words of extra memory for PDF output out of 65536
No pages of output.
